<?xml version="1.0" encoding="UTF-8"?>
<coverage generated="1685001416094" clover="3.2.0">
  <project timestamp="1685001416095" name="All files">
    <metrics statements="33" coveredstatements="25" conditionals="12" coveredconditionals="8" methods="12" coveredmethods="8" elements="57" coveredelements="41" complexity="0" loc="33" ncloc="33" packages="3" files="4" classes="4"/>
    <package name="components">
      <metrics statements="22" coveredstatements="19" conditionals="12" coveredconditionals="8" methods="6" coveredmethods="6"/>
      <file name="PasswordStrengthMeter.jsx" path="/home/qbuser/practice folder/ippo-password-checker/client/src/components/PasswordStrengthMeter.jsx">
        <metrics statements="22" coveredstatements="19" conditionals="12" coveredconditionals="8" methods="6" coveredmethods="6"/>
        <line num="7" count="3" type="stmt"/>
        <line num="8" count="8" type="stmt"/>
        <line num="9" count="8" type="stmt"/>
        <line num="10" count="8" type="stmt"/>
        <line num="12" count="8" type="stmt"/>
        <line num="14" count="8" type="stmt"/>
        <line num="15" count="1" type="cond" truecount="3" falsecount="1"/>
        <line num="16" count="0" type="stmt"/>
        <line num="20" count="8" type="stmt"/>
        <line num="21" count="1" type="stmt"/>
        <line num="23" count="1" type="stmt"/>
        <line num="24" count="1" type="stmt"/>
        <line num="25" count="1" type="stmt"/>
        <line num="26" count="1" type="stmt"/>
        <line num="27" count="1" type="stmt"/>
        <line num="30" count="8" type="stmt"/>
        <line num="31" count="1" type="cond" truecount="1" falsecount="1"/>
        <line num="32" count="0" type="cond" truecount="0" falsecount="2"/>
        <line num="33" count="0" type="stmt"/>
        <line num="36" count="8" type="stmt"/>
        <line num="54" count="1" type="stmt"/>
        <line num="67" count="1" type="stmt"/>
      </file>
    </package>
    <package name="pages.home">
      <metrics statements="4" coveredstatements="4" conditionals="0" coveredconditionals="0" methods="2" coveredmethods="2"/>
      <file name="header.jsx" path="/home/qbuser/practice folder/ippo-password-checker/client/src/pages/home/header.jsx">
        <metrics statements="2" coveredstatements="2" conditionals="0" coveredconditionals="0" methods="1" coveredmethods="1"/>
        <line num="3" count="2" type="stmt"/>
        <line num="4" count="2" type="stmt"/>
      </file>
      <file name="index.jsx" path="/home/qbuser/practice folder/ippo-password-checker/client/src/pages/home/index.jsx">
        <metrics statements="2" coveredstatements="2" conditionals="0" coveredconditionals="0" methods="1" coveredmethods="1"/>
        <line num="5" count="2" type="stmt"/>
        <line num="6" count="2" type="stmt"/>
      </file>
    </package>
    <package name="service">
      <metrics statements="7" coveredstatements="2" conditionals="0" coveredconditionals="0" methods="4" coveredmethods="0"/>
      <file name="authService.js" path="/home/qbuser/practice folder/ippo-password-checker/client/src/service/authService.js">
        <metrics statements="7" coveredstatements="2" conditionals="0" coveredconditionals="0" methods="4" coveredmethods="0"/>
        <line num="2" count="3" type="stmt"/>
        <line num="3" count="0" type="stmt"/>
        <line num="10" count="0" type="stmt"/>
        <line num="12" count="0" type="stmt"/>
        <line num="15" count="0" type="stmt"/>
        <line num="19" count="3" type="stmt"/>
        <line num="20" count="0" type="stmt"/>
      </file>
    </package>
  </project>
</coverage>
