{"/home/qbuser/practice folder/ippo-password-checker/client/src/components/PasswordStrengthMeter.jsx": {"path":"/home/qbuser/practice folder/ippo-password-checker/client/src/components/PasswordStrengthMeter.jsx","statementMap":{"0":{"start":{"line":7,"column":30},"end":{"line":91,"column":1}},"1":{"start":{"line":8,"column":34},"end":{"line":8,"column":46}},"2":{"start":{"line":9,"column":32},"end":{"line":9,"column":44}},"3":{"start":{"line":10,"column":34},"end":{"line":10,"column":46}},"4":{"start":{"line":12,"column":42},"end":{"line":12,"column":56}},"5":{"start":{"line":14,"column":23},"end":{"line":18,"column":3}},"6":{"start":{"line":15,"column":4},"end":{"line":17,"column":5}},"7":{"start":{"line":16,"column":6},"end":{"line":16,"column":40}},"8":{"start":{"line":20,"column":25},"end":{"line":28,"column":3}},"9":{"start":{"line":21,"column":25},"end":{"line":21,"column":49}},"10":{"start":{"line":23,"column":4},"end":{"line":23,"column":26}},"11":{"start":{"line":24,"column":21},"end":{"line":24,"column":67}},"12":{"start":{"line":25,"column":24},"end":{"line":25,"column":54}},"13":{"start":{"line":26,"column":4},"end":{"line":26,"column":31}},"14":{"start":{"line":27,"column":4},"end":{"line":27,"column":40}},"15":{"start":{"line":30,"column":25},"end":{"line":34,"column":3}},"16":{"start":{"line":31,"column":4},"end":{"line":31,"column":44}},"17":{"start":{"line":31,"column":27},"end":{"line":31,"column":44}},"18":{"start":{"line":32,"column":4},"end":{"line":32,"column":44}},"19":{"start":{"line":32,"column":27},"end":{"line":32,"column":44}},"20":{"start":{"line":33,"column":4},"end":{"line":33,"column":21}},"21":{"start":{"line":36,"column":2},"end":{"line":90,"column":4}},"22":{"start":{"line":54,"column":16},"end":{"line":54,"column":45}},"23":{"start":{"line":67,"column":14},"end":{"line":67,"column":45}}},"fnMap":{"0":{"name":"(anonymous_0)","decl":{"start":{"line":7,"column":30},"end":{"line":7,"column":31}},"loc":{"start":{"line":7,"column":36},"end":{"line":91,"column":1}},"line":7},"1":{"name":"(anonymous_1)","decl":{"start":{"line":14,"column":23},"end":{"line":14,"column":24}},"loc":{"start":{"line":14,"column":29},"end":{"line":18,"column":3}},"line":14},"2":{"name":"(anonymous_2)","decl":{"start":{"line":20,"column":25},"end":{"line":20,"column":26}},"loc":{"start":{"line":20,"column":39},"end":{"line":28,"column":3}},"line":20},"3":{"name":"(anonymous_3)","decl":{"start":{"line":30,"column":25},"end":{"line":30,"column":26}},"loc":{"start":{"line":30,"column":35},"end":{"line":34,"column":3}},"line":30},"4":{"name":"(anonymous_4)","decl":{"start":{"line":53,"column":24},"end":{"line":53,"column":25}},"loc":{"start":{"line":53,"column":40},"end":{"line":55,"column":15}},"line":53},"5":{"name":"(anonymous_5)","decl":{"start":{"line":66,"column":21},"end":{"line":66,"column":22}},"loc":{"start":{"line":66,"column":27},"end":{"line":68,"column":13}},"line":66}},"branchMap":{"0":{"loc":{"start":{"line":15,"column":4},"end":{"line":17,"column":5}},"type":"if","locations":[{"start":{"line":15,"column":4},"end":{"line":17,"column":5}},{"start":{},"end":{}}],"line":15},"1":{"loc":{"start":{"line":15,"column":8},"end":{"line":15,"column":44}},"type":"binary-expr","locations":[{"start":{"line":15,"column":8},"end":{"line":15,"column":25}},{"start":{"line":15,"column":29},"end":{"line":15,"column":44}}],"line":15},"2":{"loc":{"start":{"line":31,"column":4},"end":{"line":31,"column":44}},"type":"if","locations":[{"start":{"line":31,"column":4},"end":{"line":31,"column":44}},{"start":{},"end":{}}],"line":31},"3":{"loc":{"start":{"line":32,"column":4},"end":{"line":32,"column":44}},"type":"if","locations":[{"start":{"line":32,"column":4},"end":{"line":32,"column":44}},{"start":{},"end":{}}],"line":32},"4":{"loc":{"start":{"line":56,"column":20},"end":{"line":56,"column":54}},"type":"cond-expr","locations":[{"start":{"line":56,"column":35},"end":{"line":56,"column":45}},{"start":{"line":56,"column":48},"end":{"line":56,"column":54}}],"line":56},"5":{"loc":{"start":{"line":84,"column":7},"end":{"line":88,"column":14}},"type":"cond-expr","locations":[{"start":{"line":85,"column":8},"end":{"line":87,"column":12}},{"start":{"line":88,"column":10},"end":{"line":88,"column":14}}],"line":84}},"s":{"0":3,"1":8,"2":8,"3":8,"4":8,"5":8,"6":1,"7":0,"8":8,"9":1,"10":1,"11":1,"12":1,"13":1,"14":1,"15":8,"16":1,"17":1,"18":0,"19":0,"20":0,"21":8,"22":1,"23":1},"f":{"0":8,"1":1,"2":1,"3":1,"4":1,"5":1},"b":{"0":[0,1],"1":[1,1],"2":[1,0],"3":[0,0],"4":[7,1],"5":[1,7]},"_coverageSchema":"1a1c01bbd47fc00a2c39e90264f33305004495a9","hash":"ebfd577b2f4695dead05dab9e5d2c56a0431ad88"}
,"/home/qbuser/practice folder/ippo-password-checker/client/src/pages/home/header.jsx": {"path":"/home/qbuser/practice folder/ippo-password-checker/client/src/pages/home/header.jsx","statementMap":{"0":{"start":{"line":3,"column":15},"end":{"line":11,"column":1}},"1":{"start":{"line":4,"column":2},"end":{"line":10,"column":4}}},"fnMap":{"0":{"name":"(anonymous_0)","decl":{"start":{"line":3,"column":15},"end":{"line":3,"column":16}},"loc":{"start":{"line":3,"column":21},"end":{"line":11,"column":1}},"line":3}},"branchMap":{},"s":{"0":2,"1":2},"f":{"0":2},"b":{},"_coverageSchema":"1a1c01bbd47fc00a2c39e90264f33305004495a9","hash":"71bc5b9a8ab9ed901babc03e1bfc79491c48af25"}
,"/home/qbuser/practice folder/ippo-password-checker/client/src/pages/home/index.jsx": {"path":"/home/qbuser/practice folder/ippo-password-checker/client/src/pages/home/index.jsx","statementMap":{"0":{"start":{"line":5,"column":17},"end":{"line":11,"column":1}},"1":{"start":{"line":6,"column":2},"end":{"line":10,"column":4}}},"fnMap":{"0":{"name":"(anonymous_0)","decl":{"start":{"line":5,"column":17},"end":{"line":5,"column":18}},"loc":{"start":{"line":5,"column":23},"end":{"line":11,"column":1}},"line":5}},"branchMap":{},"s":{"0":2,"1":2},"f":{"0":2},"b":{},"_coverageSchema":"1a1c01bbd47fc00a2c39e90264f33305004495a9","hash":"4d84425a1faabaea8062618ba34d85642f693d50"}
,"/home/qbuser/practice folder/ippo-password-checker/client/src/service/authService.js": {"path":"/home/qbuser/practice folder/ippo-password-checker/client/src/service/authService.js","statementMap":{"0":{"start":{"line":2,"column":28},"end":{"line":17,"column":1}},"1":{"start":{"line":3,"column":18},"end":{"line":9,"column":3}},"2":{"start":{"line":10,"column":2},"end":{"line":16,"column":7}},"3":{"start":{"line":12,"column":6},"end":{"line":12,"column":23}},"4":{"start":{"line":15,"column":6},"end":{"line":15,"column":23}},"5":{"start":{"line":19,"column":24},"end":{"line":28,"column":1}},"6":{"start":{"line":20,"column":2},"end":{"line":27,"column":4}}},"fnMap":{"0":{"name":"(anonymous_0)","decl":{"start":{"line":2,"column":28},"end":{"line":2,"column":29}},"loc":{"start":{"line":2,"column":42},"end":{"line":17,"column":1}},"line":2},"1":{"name":"(anonymous_1)","decl":{"start":{"line":11,"column":10},"end":{"line":11,"column":11}},"loc":{"start":{"line":11,"column":19},"end":{"line":13,"column":5}},"line":11},"2":{"name":"(anonymous_2)","decl":{"start":{"line":14,"column":11},"end":{"line":14,"column":12}},"loc":{"start":{"line":14,"column":20},"end":{"line":16,"column":5}},"line":14},"3":{"name":"(anonymous_3)","decl":{"start":{"line":19,"column":24},"end":{"line":19,"column":25}},"loc":{"start":{"line":19,"column":42},"end":{"line":28,"column":1}},"line":19}},"branchMap":{},"s":{"0":3,"1":0,"2":0,"3":0,"4":0,"5":3,"6":0},"f":{"0":0,"1":0,"2":0,"3":0},"b":{},"_coverageSchema":"1a1c01bbd47fc00a2c39e90264f33305004495a9","hash":"90332559d77b219336d16f98475b9f96950db386"}
}
