TN:
SF:src/components/PasswordStrengthMeter.jsx
FN:7,(anonymous_0)
FN:14,(anonymous_1)
FN:20,(anonymous_2)
FN:30,(anonymous_3)
FN:53,(anonymous_4)
FN:66,(anonymous_5)
FNF:6
FNH:6
FNDA:8,(anonymous_0)
FNDA:1,(anonymous_1)
FNDA:1,(anonymous_2)
FNDA:1,(anonymous_3)
FNDA:1,(anonymous_4)
FNDA:1,(anonymous_5)
DA:7,3
DA:8,8
DA:9,8
DA:10,8
DA:12,8
DA:14,8
DA:15,1
DA:16,0
DA:20,8
DA:21,1
DA:23,1
DA:24,1
DA:25,1
DA:26,1
DA:27,1
DA:30,8
DA:31,1
DA:32,0
DA:33,0
DA:36,8
DA:54,1
DA:67,1
LF:22
LH:19
BRDA:15,0,0,0
BRDA:15,0,1,1
BRDA:15,1,0,1
BRDA:15,1,1,1
BRDA:31,2,0,1
BRDA:31,2,1,0
BRDA:32,3,0,0
BRDA:32,3,1,0
BRDA:56,4,0,7
BRDA:56,4,1,1
BRDA:84,5,0,1
BRDA:84,5,1,7
BRF:12
BRH:8
end_of_record
TN:
SF:src/pages/home/header.jsx
FN:3,(anonymous_0)
FNF:1
FNH:1
FNDA:2,(anonymous_0)
DA:3,2
DA:4,2
LF:2
LH:2
BRF:0
BRH:0
end_of_record
TN:
SF:src/pages/home/index.jsx
FN:5,(anonymous_0)
FNF:1
FNH:1
FNDA:2,(anonymous_0)
DA:5,2
DA:6,2
LF:2
LH:2
BRF:0
BRH:0
end_of_record
TN:
SF:src/service/authService.js
FN:2,(anonymous_0)
FN:11,(anonymous_1)
FN:14,(anonymous_2)
FN:19,(anonymous_3)
FNF:4
FNH:0
FNDA:0,(anonymous_0)
FNDA:0,(anonymous_1)
FNDA:0,(anonymous_2)
FNDA:0,(anonymous_3)
DA:2,3
DA:3,0
DA:10,0
DA:12,0
DA:15,0
DA:19,3
DA:20,0
LF:7
LH:2
BRF:0
BRH:0
end_of_record
